2016-02-30,18:25:51,main::main_loop,110 Client connected.
2016-02-30,18:25:51,VAdmind::socket_write,121 Sent: Welcome to the Virtual Administrator Server Daemon. v0.2
2016-02-30,18:26:21,VAdmind::socket_write,121 Sent: 230 Timeout while reading from socket
2016-02-30,18:26:21,VAdmind::socket_write,121 Sent: Closing vadmind session.
2016-02-30,18:26:21,main::main_loop,111 Client exiting...
2016-02-30,18:26:50,main::main_loop,110 Client connected.
2016-02-30,18:26:50,VAdmind::socket_write,121 Sent: Welcome to the Virtual Administrator Server Daemon. v0.2
2016-02-30,18:26:54,VAdmind::socket_read,120 Received: <?xml version="1.0"?><auth user="user" host="host"/>
2016-02-30,18:26:54,VAdmind::authenticate,320 Authentication 320
2016-02-30,18:26:54,VAdmind::socket_write,121 Sent: <?xml version='1.0' standalone='yes'?><auth result="320" />
2016-02-30,18:26:54,VAdmind::socket_read,120 Received: <?xml version="1.0"?><plugins><plugin group="Discover" name="Discover"><task name="getPlugins"/></plugin></plugins>
2016-02-30,18:26:54,VAdmind::socket_write,121 Sent: <?xml version='1.0' standalone='yes'?><plugins><plugin name="Discover" error="Module does not exist" group="Discover" /></plugins>
2016-02-30,18:26:54,VAdmind::socket_write,121 Sent: Closing vadmind session.
2016-02-30,18:26:54,main::main_loop,111 Client exiting...
2016-02-30,18:42:39,main::main_loop,110 Client connected.
2016-02-30,18:43:59,VAdmind::socket_write,121 Sent: Welcome to the Virtual Administrator Server Daemon. v0.2
2016-02-30,18:45:11,VAdmind::socket_write,121 Sent: 230 Timeout while reading from socket
2016-02-30,18:45:24,VAdmind::socket_write,121 Sent: Closing vadmind session.
2016-02-30,18:45:28,main::main_loop,111 Client exiting...
2016-02-30,18:46:33,main::main_loop,110 Client connected.
2016-02-30,18:46:36,VAdmind::socket_write,121 Sent: Welcome to the Virtual Administrator Server Daemon. v0.2
2016-02-30,18:46:44,VAdmind::socket_read,120 Received: <?xml version="1.0"?><auth user="user" host="host"/>
2016-02-30,18:49:42,VAdmind::authenticate,320 Authentication 320
2016-02-30,18:50:07,VAdmind::socket_write,121 Sent: <?xml version='1.0' standalone='yes'?><auth result="320" />
2016-02-30,18:51:03,VAdmind::socket_read,120 Received: <?xml version="1.0"?><plugins><plugin group="Discover" name="Discover"><task name="getPlugins"/></plugin></plugins>
2016-02-30,19:46:31,main::main_loop,110 Client connected.
2016-02-30,19:46:31,VAdmind::socket_write,121 Sent: Welcome to the Virtual Administrator Server Daemon. v0.2
2016-02-30,19:46:46,VAdmind::socket_read,120 Received: <?xml version="1.0"?><auth user="user" host="host"/>
2016-02-30,19:46:46,VAdmind::authenticate,320 Authentication 320
2016-02-30,19:46:46,VAdmind::socket_write,121 Sent: <?xml version='1.0' standalone='yes'?><auth result="320" />
2016-02-30,19:46:46,VAdmind::socket_read,120 Received: <?xml version="1.0"?><plugins><plugin group="Discover" name="Discover"><task name="getPlugins"/></plugin></plugins>
2016-02-30,19:54:40,VAdmind::plugin_load,400 Loading plugin VAdmind::Plugins::Discover::Discover success
2016-02-30,19:55:25,VAdmind::plugin_load,410 Executing getPlugins
2016-02-30,19:56:35,VAdmind::plugin_load,420 Task getPlugins successfuly executed
2016-02-30,20:00:43,VAdmind::socket_write,121 Sent: <?xml version='1.0' standalone='yes'?><plugins><plugin name="Discover" group="Discover"><task name="getPlugins" id="0" result="0"><plugin></plugin><plugin name="" group="" version="1.0"><author name="Urivan Alyasid Flores Saaib" email="saaib@ciberlinux.net" /><task name="add"><data name="gid" length="5" type="opt" /><data name="login" length="8" type="req" /><data name="name" length="40" type="opt" /><data name="pass" length="16" type="opt" /><data name="shell" length="20" type="opt" /><data name="uid" length="5" type="opt" /></task><task name="del"><data name="login" length="8" type="req" /><data name="rm_home" length="1" type="opt" /><data name="rm_mail" length="1" type="opt" /></task><task name="edit"><data name="gid" length="5" type="opt" /><data name="login" length="8" type="req" /><data name="name" length="40" type="opt" /><data name="newlogin" length="8" type="opt" /><data name="pass" length="16" type="opt" /><data name="shell" length="20" type="opt" /><data name="uid" length="5" type="opt" /></task></plugin><plugin name="" group="" version="1.0"><author name="Urivan Alyasid Flores Saaib" email="saaib@ciberlinux.net" /><task name="get_system_info" /></plugin><plugin name="" group="" version="1.0"><author name="Urivan Alyasid Flores Saaib" email="usaaib@qualcomm.com" /><task name="get_mf_rpms" /></plugin><plugin name="" group="" version="1.0"><author name="Urivan Alyasid Flores Saaib" email="usaaib@qualcomm.com" /><task name="get_pids" /></plugin><plugin name="" group="" version="1.0"><author name="Urivan Alyasid Flores Saaib" email="saaib@ciberlinux.net" /><task name="exec_mf_installer" /></plugin><plugin name="" group="" version="1.0"><author name="Urivan Alyasid Flores Saaib" email="saaib@ciberlinux.net" /><task name="plugin_locate" /></plugin><plugin name="" group="" version="1.0"><author name="Urivan Alyasid Flores Saaib" email="saaib@ciberlinux.net" /><task name="prueba" /></plugin><plugin name="" group="" version="1.0"><author name="Urivan Alyasid Flores Saaib" email="saaib@ciberlinux.net" /><task name="sub1" /></plugin><plugin name="User" group="User" version="1.0"><author name="Urivan Alyasid Flores Saaib" email="saaib@ciberlinux.net" /><task name="add"><data name="desc" length="40" type="opt" /><data name="gid" length="5" type="opt" /><data name="groups" length="250" type="opt" /><data name="login" length="8" type="req" /><data name="pass" length="16" type="opt" /><data name="shell" length="20" type="opt" /><data name="uid" length="5" type="opt" /></task><task name="del"><data name="login" length="8" type="req" /><data name="remove" length="1" type="opt" /></task><task name="edit"><data name="desc" length="40" type="opt" /><data name="gid" length="5" type="opt" /><data name="groups" length="250" type="opt" /><data name="login" length="8" type="req" /><data name="new_login" length="8" type="opt" /><data name="pass" length="16" type="opt" /><data name="shell" length="20" type="opt" /><data name="uid" length="5" type="opt" /></task></plugin><plugin name="Process" group="System" version="1.0"><author name="Urivan Alyasid Flores Saaib" email="usaaib@qualcomm.com" /><task name="get_cpid"><data name="pid" length="5" type="req" /></task><task name="get_list" /><task name="get_pid"><data name="cmd" length="20" type="req" /></task></plugin><plugin name="User" group="System" version="1.0"><author name="Urivan Alyasid Flores Saaib" email="saaib@ciberlinux.net" /><task name="add"><data name="gid" length="5" type="opt" /><data name="groups" length="250" type="opt" /><data name="login" length="8" type="req" /><data name="name" length="40" type="opt" /><data name="pass" length="16" type="opt" /><data name="shell" length="20" type="opt" /><data name="uid" length="5" type="opt" /></task><task name="del"><data name="login" length="8" type="req" /><data name="remove" length="1" type="opt" /></task><task name="edit"><data name="gid" length="5" type="opt" /><data name="groups" length="250" type="opt" /><data name="login" length="8" type="req" /><data name="name" length="40" type="opt" /><data name="new_login" length="8" type="opt" /><data name="pass" length="16" type="opt" /><data name="shell" length="20" type="opt" /><data name="uid" length="5" type="opt" /></task></plugin><plugin name="Hardware" group="System" version="1.0"><author name="Urivan Alyasid Flores Saaib" email="usaaib@qualcomm.com" /><task name="get_cpid"><data name="pid" length="5" type="req" /></task><task name="get_device"><data name="cmd" length="20" type="req" /></task><task name="get_list" /></plugin><plugin name="Info" group="System" version="1.0"><author name="Urivan Alyasid Flores Saaib" email="saaib@ciberlinux.net" /><task name="getKernelVer" /><task name="getLoad" /><task name="getRelease" /><task name="getSystemInfo" /></plugin><plugin name="Info" group="" version="1.0"><author name="Urivan Alyasid Flores Saaib" email="saaib@ciberlinux.net" /><task name="cpu_type" /><task name="kernel_ver" /><task name="os_ver" /></plugin><plugin name="MFLO_System" group="" version="1.0"><author name="Urivan Alyasid Flores Saaib" email="saaib@ciberlinux.net" /><task name="get_system_info" /></plugin><plugin name="MFLO_RPM" group="" version="1.0"><author name="Urivan Alyasid Flores Saaib" email="usaaib@qualcomm.com" /><task name="get_mf_rpms" /></plugin><plugin name="MFLO_SnmpAgent" group="" version="1.0"><author name="Urivan Alyasid Flores Saaib" email="usaaib@qualcomm.com" /><task name="get_pids" /></plugin><plugin name="DRM" group="MFLO" version="1.0"><author name="Urivan Alyasid Flores Saaib" email="usaaib@qualcomm.com" /><task name="chk_agt" /></plugin><plugin name="MFLO_Installer" group="" version="1.0"><author name="Urivan Alyasid Flores Saaib" email="usaaib@qualcomm.com" /><task name="exec_mf_installer" /></plugin><plugin name="Discover" group="" version="1.0"><author name="Urivan Alyasid Flores Saaib" email="saaib@ciberlinux.net" /><task name="getPlugins" /></plugin><plugin name="Init" group="" version="1.0"><author name="Urivan Alyasid Flores Saaib" email="saaib@ciberlinux.net" /></plugin><plugin name="Test" group="" version="1.0"><author name="Urivan Alyasid Flores Saaib" email="saaib@ciberlinux.net" /><task name="sub1" /></plugin></task></plugin></plugins>
2016-02-30,20:16:14,VAdmind::socket_write,121 Sent: Closing vadmind session.
2016-02-30,20:16:14,main::main_loop,111 Client exiting...
2016-02-30,21:26:58,main::main_loop,110 Client connected.
2016-02-30,21:26:58,VAdmind::socket_write,121 Sent: Welcome to the Virtual Administrator Server Daemon. v0.2
2016-02-30,21:27:01,VAdmind::socket_read,120 Received: <?xml version="1.0"?><auth user="user" host="host"/>
2016-02-30,21:27:01,VAdmind::authenticate,320 Authentication 320
2016-02-30,21:27:01,VAdmind::socket_write,121 Sent: <?xml version='1.0' standalone='yes'?><auth result="320" />
2016-02-30,21:27:01,VAdmind::socket_read,120 Received: <?xml version="1.0"?><plugins><plugin group="Discover" name="Discover"><task name="getPlugins"/></plugin></plugins>
2016-02-30,21:27:09,VAdmind::plugin_load,400 Loading plugin VAdmind::Plugins::Discover::Discover success
2016-02-30,21:27:09,VAdmind::plugin_load,410 Executing getPlugins
2016-03-02,10:38:56,main::main_loop,110 Client connected.
2016-03-02,10:38:56,VAdmind::socket_write,121 Sent: Welcome to the Virtual Administrator Server Daemon. v0.2
2016-03-02,10:39:01,VAdmind::socket_read,120 Received: <?xml version="1.0"?><auth user="user" host="host"/>
2016-03-02,10:39:01,VAdmind::authenticate,320 Authentication 320
2016-03-02,10:39:01,VAdmind::socket_write,121 Sent: <?xml version='1.0' standalone='yes'?><auth result="320" />
2016-03-02,10:39:01,VAdmind::socket_read,120 Received: <?xml version="1.0"?><plugins><plugin group="Discover" name="Discover"><task name="getPlugins"/></plugin></plugins>
2016-03-02,10:39:01,VAdmind::plugin_load,400 Loading plugin VAdmind::Plugins::Discover::Discover success
2016-03-02,10:39:01,VAdmind::plugin_load,410 Executing getPlugins
2016-03-02,10:39:01,VAdmind::plugin_load,420 Task getPlugins successfuly executed
2016-03-02,10:39:01,VAdmind::socket_write,121 Sent: <?xml version='1.0' standalone='yes'?><plugins><plugin name="Discover" group="Discover"><task name="getPlugins" id="0" result="0"><plugin></plugin><plugin name="User" group="User" version="1.0"><author name="Urivan Flores-Saaib" email="urivan@saaib.net" /><task name="add"><data name="desc" length="40" type="opt" /><data name="gid" length="5" type="opt" /><data name="groups" length="250" type="opt" /><data name="login" length="8" type="req" /><data name="pass" length="16" type="opt" /><data name="shell" length="20" type="opt" /><data name="uid" length="5" type="opt" /></task><task name="del"><data name="login" length="8" type="req" /><data name="remove" length="1" type="opt" /></task><task name="edit"><data name="desc" length="40" type="opt" /><data name="gid" length="5" type="opt" /><data name="groups" length="250" type="opt" /><data name="login" length="8" type="req" /><data name="new_login" length="8" type="opt" /><data name="pass" length="16" type="opt" /><data name="shell" length="20" type="opt" /><data name="uid" length="5" type="opt" /></task></plugin><plugin name="Process" group="System" version="1.0"><author name="Urivan Alyasid Flores Saaib" email="usaaib@qualcomm.com" /><task name="get_cpid"><data name="pid" length="5" type="req" /></task><task name="get_list" /><task name="get_pid"><data name="cmd" length="20" type="req" /></task></plugin><plugin name="Hardware" group="System" version="1.0"><author name="Urivan Alyasid Flores Saaib" email="usaaib@qualcomm.com" /><task name="get_cpid"><data name="pid" length="5" type="req" /></task><task name="get_device"><data name="cmd" length="20" type="req" /></task><task name="get_list" /></plugin><plugin name="Info" group="System" version="1.0"><author name="Urivan Alyasid Flores Saaib" email="saaib@ciberlinux.net" /><task name="getKernelVer" /><task name="getLoad" /><task name="getRelease" /><task name="getSystemInfo" /></plugin><plugin name="User" group="System" version="1.0"><author name="Urivan Alyasid Flores Saaib" email="saaib@ciberlinux.net" /><task name="add"><data name="gid" length="5" type="opt" /><data name="groups" length="250" type="opt" /><data name="login" length="8" type="req" /><data name="name" length="40" type="opt" /><data name="pass" length="16" type="opt" /><data name="shell" length="20" type="opt" /><data name="uid" length="5" type="opt" /></task><task name="del"><data name="login" length="8" type="req" /><data name="remove" length="1" type="opt" /></task><task name="edit"><data name="gid" length="5" type="opt" /><data name="groups" length="250" type="opt" /><data name="login" length="8" type="req" /><data name="name" length="40" type="opt" /><data name="new_login" length="8" type="opt" /><data name="pass" length="16" type="opt" /><data name="shell" length="20" type="opt" /><data name="uid" length="5" type="opt" /></task></plugin><plugin name="Info" group="" version="1.0"><author name="Urivan Alyasid Flores Saaib" email="saaib@ciberlinux.net" /><task name="cpu_type" /><task name="kernel_ver" /><task name="os_ver" /></plugin><plugin name="Discover" group="Discover" version="1.0"><author name="Urivan Flores Saaib" email="urivan (at) saaib.net" /><task name="getPlugins" /></plugin><plugin name="Init" group="" version="1.0"><author name="Urivan Alyasid Flores Saaib" email="saaib@ciberlinux.net" /></plugin><plugin name="Test" group="" version="1.0"><author name="Urivan Alyasid Flores Saaib" email="saaib@ciberlinux.net" /><task name="sub1" /></plugin></task></plugin></plugins>
2016-03-02,10:39:01,VAdmind::socket_write,121 Sent: Closing vadmind session.
2016-03-02,10:39:01,main::main_loop,111 Client exiting...
